<?xml version="1.0" encoding="UTF-8"?>
<testsuite name="com.library.lms.LmsApplicationTests" tests="1" skipped="0" failures="0" errors="0" timestamp="2024-09-22T04:27:31" hostname="Matthews-MBP.lan" time="0.394">
  <properties/>
  <testcase name="contextLoads()" classname="com.library.lms.LmsApplicationTests" time="0.394"/>
  <system-out><![CDATA[23:27:27.825 [Test worker] INFO org.springframework.test.context.support.AnnotationConfigContextLoaderUtils -- Could not detect default configuration classes for test class [com.library.lms.LmsApplicationTests]: LmsApplicationTests does not declare any static, non-private, non-final, nested classes annotated with @Configuration.
23:27:27.914 [Test worker] INFO org.springframework.boot.test.context.SpringBootTestContextBootstrapper -- Found @SpringBootConfiguration com.library.lms.LmsApplication for test class com.library.lms.LmsApplicationTests

  .   ____          _            __ _ _
 /\\ / ___'_ __ _ _(_)_ __  __ _ \ \ \ \
( ( )\___ | '_ | '_| | '_ \/ _` | \ \ \ \
 \\/  ___)| |_)| | | | | || (_| |  ) ) ) )
  '  |____| .__|_| |_|_| |_\__, | / / / /
 =========|_|==============|___/=/_/_/_/

 :: Spring Boot ::                (v3.3.4)

2024-09-21T23:27:28.213-05:00  INFO 85879 --- [lms] [    Test worker] com.library.lms.LmsApplicationTests      : Starting LmsApplicationTests using Java 17.0.12 with PID 85879 (started by mbolofinde in /Users/mbolofinde/dev/javaprj/LibraryManagementSystem)
2024-09-21T23:27:28.214-05:00  INFO 85879 --- [lms] [    Test worker] com.library.lms.LmsApplicationTests      : No active profile set, falling back to 1 default profile: "default"
2024-09-21T23:27:28.705-05:00  INFO 85879 --- [lms] [    Test worker] .s.d.r.c.RepositoryConfigurationDelegate : Bootstrapping Spring Data JPA repositories in DEFAULT mode.
2024-09-21T23:27:28.752-05:00  INFO 85879 --- [lms] [    Test worker] .s.d.r.c.RepositoryConfigurationDelegate : Finished Spring Data repository scanning in 40 ms. Found 4 JPA repository interfaces.
2024-09-21T23:27:29.082-05:00  INFO 85879 --- [lms] [    Test worker] o.hibernate.jpa.internal.util.LogHelper  : HHH000204: Processing PersistenceUnitInfo [name: default]
2024-09-21T23:27:29.122-05:00  INFO 85879 --- [lms] [    Test worker] org.hibernate.Version                    : HHH000412: Hibernate ORM core version 6.5.3.Final
2024-09-21T23:27:29.151-05:00  INFO 85879 --- [lms] [    Test worker] o.h.c.internal.RegionFactoryInitiator    : HHH000026: Second-level cache disabled
2024-09-21T23:27:29.392-05:00  INFO 85879 --- [lms] [    Test worker] o.s.o.j.p.SpringPersistenceUnitInfo      : No LoadTimeWeaver setup: ignoring JPA class transformer
2024-09-21T23:27:29.417-05:00  INFO 85879 --- [lms] [    Test worker] com.zaxxer.hikari.HikariDataSource       : HikariPool-1 - Starting...
2024-09-21T23:27:29.496-05:00  INFO 85879 --- [lms] [    Test worker] com.zaxxer.hikari.pool.HikariPool        : HikariPool-1 - Added connection org.postgresql.jdbc.PgConnection@6cf047cf
2024-09-21T23:27:29.497-05:00  INFO 85879 --- [lms] [    Test worker] com.zaxxer.hikari.HikariDataSource       : HikariPool-1 - Start completed.
2024-09-21T23:27:29.522-05:00  WARN 85879 --- [lms] [    Test worker] org.hibernate.orm.deprecation            : HHH90000025: PostgreSQLDialect does not need to be specified explicitly using 'hibernate.dialect' (remove the property setting and it will be selected by default)
2024-09-21T23:27:30.291-05:00  INFO 85879 --- [lms] [    Test worker] o.h.e.t.j.p.i.JtaPlatformInitiator       : HHH000489: No JTA platform available (set 'hibernate.transaction.jta.platform' to enable JTA platform integration)
2024-09-21T23:27:30.395-05:00  INFO 85879 --- [lms] [    Test worker] j.LocalContainerEntityManagerFactoryBean : Initialized JPA EntityManagerFactory for persistence unit 'default'
2024-09-21T23:27:30.705-05:00  WARN 85879 --- [lms] [    Test worker] JpaBaseConfiguration$JpaWebConfiguration : spring.jpa.open-in-view is enabled by default. Therefore, database queries may be performed during view rendering. Explicitly configure spring.jpa.open-in-view to disable this warning
2024-09-21T23:27:31.001-05:00  WARN 85879 --- [lms] [    Test worker] .s.s.UserDetailsServiceAutoConfiguration : 

Using generated security password: 1fe0f92f-9779-4cdd-85df-ff65ef6e0ae9

This generated password is for development use only. Your security configuration must be updated before running your application in production.

2024-09-21T23:27:31.030-05:00  INFO 85879 --- [lms] [    Test worker] r$InitializeUserDetailsManagerConfigurer : Global AuthenticationManager configured with UserDetailsService bean with name inMemoryUserDetailsManager
2024-09-21T23:27:31.147-05:00  INFO 85879 --- [lms] [    Test worker] com.library.lms.LmsApplicationTests      : Started LmsApplicationTests in 3.131 seconds (process running for 4.047)
]]></system-out>
  <system-err><![CDATA[]]></system-err>
</testsuite>
